<?xml version="1.0" encoding="UTF-8"?>
<coverage generated="1526523854797" clover="3.2.0">
  <project timestamp="1526523854798" name="All files">
    <metrics statements="18" coveredstatements="18" conditionals="4" coveredconditionals="3" methods="4" coveredmethods="4" elements="26" coveredelements="25" complexity="0" loc="18" ncloc="18" packages="3" files="6" classes="6">
      <package name="jumpstarter-product-summary-module">
        <metrics statements="1" coveredstatements="1" conditionals="0" coveredconditionals="0" methods="0" coveredmethods="0"/>
        <file name="test-setup.js" path="/Users/zhujohnny/Dropbox/_Engineering/jumpstarter-product-summary-module/test-setup.js">
          <metrics statements="1" coveredstatements="1" conditionals="0" coveredconditionals="0" methods="0" coveredmethods="0"/>
          <line num="4" count="4" type="stmt"/>
        </file>
      </package>
      <package name="jumpstarter-product-summary-module.client.src.components">
        <metrics statements="16" coveredstatements="16" conditionals="4" coveredconditionals="3" methods="4" coveredmethods="4"/>
        <file name="Creator.jsx" path="/Users/zhujohnny/Dropbox/_Engineering/jumpstarter-product-summary-module/client/src/components/Creator.jsx">
          <metrics statements="4" coveredstatements="4" conditionals="2" coveredconditionals="1" methods="1" coveredmethods="1"/>
          <line num="4" count="1" type="stmt"/>
          <line num="22" count="1" type="stmt"/>
          <line num="23" count="1" type="stmt"/>
          <line num="40" count="1" type="stmt"/>
        </file>
        <file name="MainImage.jsx" path="/Users/zhujohnny/Dropbox/_Engineering/jumpstarter-product-summary-module/client/src/components/MainImage.jsx">
          <metrics statements="4" coveredstatements="4" conditionals="0" coveredconditionals="0" methods="1" coveredmethods="1"/>
          <line num="4" count="1" type="stmt"/>
          <line num="12" count="1" type="stmt"/>
          <line num="13" count="1" type="stmt"/>
          <line num="20" count="1" type="stmt"/>
        </file>
        <file name="Stats.jsx" path="/Users/zhujohnny/Dropbox/_Engineering/jumpstarter-product-summary-module/client/src/components/Stats.jsx">
          <metrics statements="4" coveredstatements="4" conditionals="2" coveredconditionals="2" methods="1" coveredmethods="1"/>
          <line num="5" count="1" type="stmt"/>
          <line num="57" count="1" type="stmt"/>
          <line num="58" count="5" type="stmt"/>
          <line num="102" count="1" type="stmt"/>
        </file>
        <file name="Title.jsx" path="/Users/zhujohnny/Dropbox/_Engineering/jumpstarter-product-summary-module/client/src/components/Title.jsx">
          <metrics statements="4" coveredstatements="4" conditionals="0" coveredconditionals="0" methods="1" coveredmethods="1"/>
          <line num="4" count="1" type="stmt"/>
          <line num="16" count="1" type="stmt"/>
          <line num="17" count="1" type="stmt"/>
          <line num="29" count="1" type="stmt"/>
        </file>
      </package>
      <package name="jumpstarter-product-summary-module.db">
        <metrics statements="1" coveredstatements="1" conditionals="0" coveredconditionals="0" methods="0" coveredmethods="0"/>
        <file name="sampleData.js" path="/Users/zhujohnny/Dropbox/_Engineering/jumpstarter-product-summary-module/db/sampleData.js">
          <metrics statements="1" coveredstatements="1" conditionals="0" coveredconditionals="0" methods="0" coveredmethods="0"/>
          <line num="1" count="4" type="stmt"/>
        </file>
      </package>
    </metrics>
  </project>
</coverage>
