<?xml version="1.0" encoding="UTF-8"?>
<coverage generated="1524778708351" clover="3.2.0">
  <project timestamp="1524778708351" name="All files">
    <metrics statements="15" coveredstatements="15" conditionals="0" coveredconditionals="0" methods="8" coveredmethods="8" elements="23" coveredelements="23" complexity="0" loc="15" ncloc="15" packages="3" files="6" classes="6">
      <package name="Product-Summary">
        <metrics statements="1" coveredstatements="1" conditionals="0" coveredconditionals="0" methods="0" coveredmethods="0"/>
        <file name="test-setup.js" path="/Users/cameron/Desktop/Hack Reactor/FEC/Product-Summary/test-setup.js">
          <metrics statements="1" coveredstatements="1" conditionals="0" coveredconditionals="0" methods="0" coveredmethods="0"/>
          <line num="4" count="4" type="stmt"/>
        </file>
      </package>
      <package name="Product-Summary.client.src.components">
        <metrics statements="13" coveredstatements="13" conditionals="0" coveredconditionals="0" methods="8" coveredmethods="8"/>
        <file name="Creator.js" path="/Users/cameron/Desktop/Hack Reactor/FEC/Product-Summary/client/src/components/Creator.js">
          <metrics statements="3" coveredstatements="3" conditionals="0" coveredconditionals="0" methods="2" coveredmethods="2"/>
          <line num="5" count="1" type="stmt"/>
          <line num="9" count="1" type="stmt"/>
          <line num="28" count="1" type="stmt"/>
        </file>
        <file name="MainImage.js" path="/Users/cameron/Desktop/Hack Reactor/FEC/Product-Summary/client/src/components/MainImage.js">
          <metrics statements="4" coveredstatements="4" conditionals="0" coveredconditionals="0" methods="2" coveredmethods="2"/>
          <line num="6" count="1" type="stmt"/>
          <line num="10" count="1" type="stmt"/>
          <line num="17" count="1" type="stmt"/>
          <line num="18" count="1" type="stmt"/>
        </file>
        <file name="Stats.js" path="/Users/cameron/Desktop/Hack Reactor/FEC/Product-Summary/client/src/components/Stats.js">
          <metrics statements="3" coveredstatements="3" conditionals="0" coveredconditionals="0" methods="2" coveredmethods="2"/>
          <line num="5" count="5" type="stmt"/>
          <line num="9" count="5" type="stmt"/>
          <line num="61" count="5" type="stmt"/>
        </file>
        <file name="Title.js" path="/Users/cameron/Desktop/Hack Reactor/FEC/Product-Summary/client/src/components/Title.js">
          <metrics statements="3" coveredstatements="3" conditionals="0" coveredconditionals="0" methods="2" coveredmethods="2"/>
          <line num="5" count="1" type="stmt"/>
          <line num="9" count="1" type="stmt"/>
          <line num="21" count="1" type="stmt"/>
        </file>
      </package>
      <package name="Product-Summary.db">
        <metrics statements="1" coveredstatements="1" conditionals="0" coveredconditionals="0" methods="0" coveredmethods="0"/>
        <file name="sampleData.js" path="/Users/cameron/Desktop/Hack Reactor/FEC/Product-Summary/db/sampleData.js">
          <metrics statements="1" coveredstatements="1" conditionals="0" coveredconditionals="0" methods="0" coveredmethods="0"/>
          <line num="1" count="4" type="stmt"/>
        </file>
      </package>
    </metrics>
  </project>
</coverage>
