{"/Users/zhujohnny/Dropbox/_Engineering/jumpstarter-product-summary-module/test-setup.js": {"path":"/Users/zhujohnny/Dropbox/_Engineering/jumpstarter-product-summary-module/test-setup.js","statementMap":{"0":{"start":{"line":4,"column":0},"end":{"line":4,"column":38}}},"fnMap":{},"branchMap":{},"s":{"0":4},"f":{},"b":{},"_coverageSchema":"332fd63041d2c1bcb487cc26dd0d5f7d97098a6c","hash":"748448407d268a6974f70fcd21c44961f5567530"}
,"/Users/zhujohnny/Dropbox/_Engineering/jumpstarter-product-summary-module/client/src/components/Creator.jsx": {"path":"/Users/zhujohnny/Dropbox/_Engineering/jumpstarter-product-summary-module/client/src/components/Creator.jsx","statementMap":{"0":{"start":{"line":4,"column":14},"end":{"line":20,"column":1}},"1":{"start":{"line":22,"column":16},"end":{"line":36,"column":1}},"2":{"start":{"line":23,"column":2},"end":{"line":35,"column":8}},"3":{"start":{"line":40,"column":0},"end":{"line":42,"column":2}}},"fnMap":{"0":{"name":"(anonymous_0)","decl":{"start":{"line":22,"column":16},"end":{"line":22,"column":17}},"loc":{"start":{"line":23,"column":2},"end":{"line":35,"column":8}},"line":23}},"branchMap":{"0":{"loc":{"start":{"line":33,"column":7},"end":{"line":33,"column":97}},"type":"cond-expr","locations":[{"start":{"line":33,"column":41},"end":{"line":33,"column":56}},{"start":{"line":33,"column":59},"end":{"line":33,"column":97}}],"line":33}},"s":{"0":1,"1":1,"2":1,"3":1},"f":{"0":1},"b":{"0":[1,0]},"_coverageSchema":"332fd63041d2c1bcb487cc26dd0d5f7d97098a6c","hash":"6fd220c4a8e7ad639e480c593ca0ac6331882054"}
,"/Users/zhujohnny/Dropbox/_Engineering/jumpstarter-product-summary-module/client/src/components/MainImage.jsx": {"path":"/Users/zhujohnny/Dropbox/_Engineering/jumpstarter-product-summary-module/client/src/components/MainImage.jsx","statementMap":{"0":{"start":{"line":4,"column":14},"end":{"line":10,"column":1}},"1":{"start":{"line":12,"column":18},"end":{"line":16,"column":1}},"2":{"start":{"line":13,"column":2},"end":{"line":15,"column":8}},"3":{"start":{"line":20,"column":0},"end":{"line":22,"column":2}}},"fnMap":{"0":{"name":"(anonymous_0)","decl":{"start":{"line":12,"column":18},"end":{"line":12,"column":19}},"loc":{"start":{"line":13,"column":2},"end":{"line":15,"column":8}},"line":13}},"branchMap":{},"s":{"0":1,"1":1,"2":1,"3":1},"f":{"0":1},"b":{},"_coverageSchema":"332fd63041d2c1bcb487cc26dd0d5f7d97098a6c","hash":"1376cac88e80139ffff1c69891b9920cf9fb2e61"}
,"/Users/zhujohnny/Dropbox/_Engineering/jumpstarter-product-summary-module/client/src/components/Stats.jsx": {"path":"/Users/zhujohnny/Dropbox/_Engineering/jumpstarter-product-summary-module/client/src/components/Stats.jsx","statementMap":{"0":{"start":{"line":5,"column":14},"end":{"line":55,"column":1}},"1":{"start":{"line":57,"column":14},"end":{"line":98,"column":1}},"2":{"start":{"line":58,"column":2},"end":{"line":97,"column":8}},"3":{"start":{"line":102,"column":0},"end":{"line":104,"column":2}}},"fnMap":{"0":{"name":"(anonymous_0)","decl":{"start":{"line":57,"column":14},"end":{"line":57,"column":15}},"loc":{"start":{"line":58,"column":2},"end":{"line":97,"column":8}},"line":58}},"branchMap":{"0":{"loc":{"start":{"line":90,"column":5},"end":{"line":95,"column":12}},"type":"binary-expr","locations":[{"start":{"line":90,"column":5},"end":{"line":90,"column":22}},{"start":{"line":91,"column":6},"end":{"line":95,"column":12}}],"line":90}},"s":{"0":1,"1":1,"2":5,"3":1},"f":{"0":5},"b":{"0":[5,5]},"_coverageSchema":"332fd63041d2c1bcb487cc26dd0d5f7d97098a6c","hash":"568dc02445aa4d5b7fd886250268bb234e85db17"}
,"/Users/zhujohnny/Dropbox/_Engineering/jumpstarter-product-summary-module/client/src/components/Title.jsx": {"path":"/Users/zhujohnny/Dropbox/_Engineering/jumpstarter-product-summary-module/client/src/components/Title.jsx","statementMap":{"0":{"start":{"line":4,"column":14},"end":{"line":14,"column":1}},"1":{"start":{"line":16,"column":14},"end":{"line":25,"column":1}},"2":{"start":{"line":17,"column":2},"end":{"line":24,"column":8}},"3":{"start":{"line":29,"column":0},"end":{"line":31,"column":2}}},"fnMap":{"0":{"name":"(anonymous_0)","decl":{"start":{"line":16,"column":14},"end":{"line":16,"column":15}},"loc":{"start":{"line":17,"column":2},"end":{"line":24,"column":8}},"line":17}},"branchMap":{},"s":{"0":1,"1":1,"2":1,"3":1},"f":{"0":1},"b":{},"_coverageSchema":"332fd63041d2c1bcb487cc26dd0d5f7d97098a6c","hash":"7a72f2143b2d409b87da0f58b283712e3492941b"}
,"/Users/zhujohnny/Dropbox/_Engineering/jumpstarter-product-summary-module/db/sampleData.js": {"path":"/Users/zhujohnny/Dropbox/_Engineering/jumpstarter-product-summary-module/db/sampleData.js","statementMap":{"0":{"start":{"line":1,"column":19},"end":{"line":24,"column":1}}},"fnMap":{},"branchMap":{},"s":{"0":4},"f":{},"b":{},"_coverageSchema":"332fd63041d2c1bcb487cc26dd0d5f7d97098a6c","hash":"45a8645cea6742c6741eb98f9b8176f5d6c81891"}
}
