{"/Users/cameron/Desktop/Hack Reactor/FEC/Product-Summary/test-setup.js": {"path":"/Users/cameron/Desktop/Hack Reactor/FEC/Product-Summary/test-setup.js","statementMap":{"0":{"start":{"line":4,"column":0},"end":{"line":4,"column":38}}},"fnMap":{},"branchMap":{},"s":{"0":4},"f":{},"b":{},"_coverageSchema":"332fd63041d2c1bcb487cc26dd0d5f7d97098a6c","hash":"d942d3d7254dad84240ede5eb6518ad7efe42e2e"}
,"/Users/cameron/Desktop/Hack Reactor/FEC/Product-Summary/client/src/components/Creator.js": {"path":"/Users/cameron/Desktop/Hack Reactor/FEC/Product-Summary/client/src/components/Creator.js","statementMap":{"0":{"start":{"line":5,"column":4},"end":{"line":5,"column":12}},"1":{"start":{"line":9,"column":18},"end":{"line":26,"column":5}},"2":{"start":{"line":28,"column":6},"end":{"line":48,"column":7}}},"fnMap":{"0":{"name":"(anonymous_0)","decl":{"start":{"line":4,"column":2},"end":{"line":4,"column":3}},"loc":{"start":{"line":4,"column":16},"end":{"line":6,"column":3}},"line":4},"1":{"name":"(anonymous_1)","decl":{"start":{"line":8,"column":2},"end":{"line":8,"column":3}},"loc":{"start":{"line":8,"column":11},"end":{"line":49,"column":3}},"line":8}},"branchMap":{},"s":{"0":1,"1":1,"2":1},"f":{"0":1,"1":1},"b":{},"_coverageSchema":"332fd63041d2c1bcb487cc26dd0d5f7d97098a6c","hash":"06b16c033ad174413abe90ba848d899bce2c675d"}
,"/Users/cameron/Desktop/Hack Reactor/FEC/Product-Summary/client/src/components/MainImage.js": {"path":"/Users/cameron/Desktop/Hack Reactor/FEC/Product-Summary/client/src/components/MainImage.js","statementMap":{"0":{"start":{"line":6,"column":4},"end":{"line":6,"column":12}},"1":{"start":{"line":10,"column":18},"end":{"line":16,"column":5}},"2":{"start":{"line":17,"column":4},"end":{"line":17,"column":52}},"3":{"start":{"line":18,"column":4},"end":{"line":22,"column":5}}},"fnMap":{"0":{"name":"(anonymous_0)","decl":{"start":{"line":5,"column":2},"end":{"line":5,"column":3}},"loc":{"start":{"line":5,"column":16},"end":{"line":7,"column":3}},"line":5},"1":{"name":"(anonymous_1)","decl":{"start":{"line":9,"column":2},"end":{"line":9,"column":3}},"loc":{"start":{"line":9,"column":11},"end":{"line":23,"column":3}},"line":9}},"branchMap":{},"s":{"0":1,"1":1,"2":1,"3":1},"f":{"0":1,"1":1},"b":{},"_coverageSchema":"332fd63041d2c1bcb487cc26dd0d5f7d97098a6c","hash":"602a3cd413d7a33c4cb0314df8c0c44b48c5dc8e"}
,"/Users/cameron/Desktop/Hack Reactor/FEC/Product-Summary/client/src/components/Stats.js": {"path":"/Users/cameron/Desktop/Hack Reactor/FEC/Product-Summary/client/src/components/Stats.js","statementMap":{"0":{"start":{"line":5,"column":4},"end":{"line":5,"column":12}},"1":{"start":{"line":9,"column":18},"end":{"line":59,"column":5}},"2":{"start":{"line":61,"column":4},"end":{"line":96,"column":5}}},"fnMap":{"0":{"name":"(anonymous_0)","decl":{"start":{"line":4,"column":2},"end":{"line":4,"column":3}},"loc":{"start":{"line":4,"column":16},"end":{"line":6,"column":3}},"line":4},"1":{"name":"(anonymous_1)","decl":{"start":{"line":8,"column":2},"end":{"line":8,"column":3}},"loc":{"start":{"line":8,"column":11},"end":{"line":97,"column":3}},"line":8}},"branchMap":{},"s":{"0":5,"1":5,"2":5},"f":{"0":5,"1":5},"b":{},"_coverageSchema":"332fd63041d2c1bcb487cc26dd0d5f7d97098a6c","hash":"496292dba11a75a9492ec04f3dbf352df4f4d98d"}
,"/Users/cameron/Desktop/Hack Reactor/FEC/Product-Summary/client/src/components/Title.js": {"path":"/Users/cameron/Desktop/Hack Reactor/FEC/Product-Summary/client/src/components/Title.js","statementMap":{"0":{"start":{"line":5,"column":4},"end":{"line":5,"column":12}},"1":{"start":{"line":9,"column":18},"end":{"line":19,"column":5}},"2":{"start":{"line":21,"column":4},"end":{"line":29,"column":5}}},"fnMap":{"0":{"name":"(anonymous_0)","decl":{"start":{"line":4,"column":2},"end":{"line":4,"column":3}},"loc":{"start":{"line":4,"column":16},"end":{"line":6,"column":3}},"line":4},"1":{"name":"(anonymous_1)","decl":{"start":{"line":8,"column":2},"end":{"line":8,"column":3}},"loc":{"start":{"line":8,"column":11},"end":{"line":30,"column":3}},"line":8}},"branchMap":{},"s":{"0":1,"1":1,"2":1},"f":{"0":1,"1":1},"b":{},"_coverageSchema":"332fd63041d2c1bcb487cc26dd0d5f7d97098a6c","hash":"49fa567a7846639c89b41da0e3685fc88fefae89"}
,"/Users/cameron/Desktop/Hack Reactor/FEC/Product-Summary/db/sampleData.js": {"path":"/Users/cameron/Desktop/Hack Reactor/FEC/Product-Summary/db/sampleData.js","statementMap":{"0":{"start":{"line":1,"column":17},"end":{"line":71,"column":1}}},"fnMap":{},"branchMap":{},"s":{"0":4},"f":{},"b":{},"_coverageSchema":"332fd63041d2c1bcb487cc26dd0d5f7d97098a6c","hash":"5b2b1fe1a0a39b73d82739e7adcdf44ec3a61a17"}
}
