TN:
SF:/Users/cameron/Desktop/Hack Reactor/FEC/Product-Summary/test-setup.js
FNF:0
FNH:0
DA:4,4
LF:1
LH:1
BRF:0
BRH:0
end_of_record
TN:
SF:/Users/cameron/Desktop/Hack Reactor/FEC/Product-Summary/client/src/components/Creator.js
FN:4,(anonymous_0)
FN:8,(anonymous_1)
FNF:2
FNH:2
FNDA:1,(anonymous_0)
FNDA:1,(anonymous_1)
DA:5,1
DA:9,1
DA:28,1
LF:3
LH:3
BRF:0
BRH:0
end_of_record
TN:
SF:/Users/cameron/Desktop/Hack Reactor/FEC/Product-Summary/client/src/components/MainImage.js
FN:5,(anonymous_0)
FN:9,(anonymous_1)
FNF:2
FNH:2
FNDA:1,(anonymous_0)
FNDA:1,(anonymous_1)
DA:6,1
DA:10,1
DA:17,1
DA:18,1
LF:4
LH:4
BRF:0
BRH:0
end_of_record
TN:
SF:/Users/cameron/Desktop/Hack Reactor/FEC/Product-Summary/client/src/components/Stats.js
FN:4,(anonymous_0)
FN:8,(anonymous_1)
FNF:2
FNH:2
FNDA:5,(anonymous_0)
FNDA:5,(anonymous_1)
DA:5,5
DA:9,5
DA:61,5
LF:3
LH:3
BRF:0
BRH:0
end_of_record
TN:
SF:/Users/cameron/Desktop/Hack Reactor/FEC/Product-Summary/client/src/components/Title.js
FN:4,(anonymous_0)
FN:8,(anonymous_1)
FNF:2
FNH:2
FNDA:1,(anonymous_0)
FNDA:1,(anonymous_1)
DA:5,1
DA:9,1
DA:21,1
LF:3
LH:3
BRF:0
BRH:0
end_of_record
TN:
SF:/Users/cameron/Desktop/Hack Reactor/FEC/Product-Summary/db/sampleData.js
FNF:0
FNH:0
DA:1,4
LF:1
LH:1
BRF:0
BRH:0
end_of_record
