TN:
SF:/Users/zhujohnny/Dropbox/_Engineering/jumpstarter-product-summary-module/test-setup.js
FNF:0
FNH:0
DA:4,4
LF:1
LH:1
BRF:0
BRH:0
end_of_record
TN:
SF:/Users/zhujohnny/Dropbox/_Engineering/jumpstarter-product-summary-module/client/src/components/Creator.jsx
FN:22,(anonymous_0)
FNF:1
FNH:1
FNDA:1,(anonymous_0)
DA:4,1
DA:22,1
DA:23,1
DA:40,1
LF:4
LH:4
BRDA:33,0,0,1
BRDA:33,0,1,0
BRF:2
BRH:1
end_of_record
TN:
SF:/Users/zhujohnny/Dropbox/_Engineering/jumpstarter-product-summary-module/client/src/components/MainImage.jsx
FN:12,(anonymous_0)
FNF:1
FNH:1
FNDA:1,(anonymous_0)
DA:4,1
DA:12,1
DA:13,1
DA:20,1
LF:4
LH:4
BRF:0
BRH:0
end_of_record
TN:
SF:/Users/zhujohnny/Dropbox/_Engineering/jumpstarter-product-summary-module/client/src/components/Stats.jsx
FN:57,(anonymous_0)
FNF:1
FNH:1
FNDA:5,(anonymous_0)
DA:5,1
DA:57,1
DA:58,5
DA:102,1
LF:4
LH:4
BRDA:90,0,0,5
BRDA:90,0,1,5
BRF:2
BRH:2
end_of_record
TN:
SF:/Users/zhujohnny/Dropbox/_Engineering/jumpstarter-product-summary-module/client/src/components/Title.jsx
FN:16,(anonymous_0)
FNF:1
FNH:1
FNDA:1,(anonymous_0)
DA:4,1
DA:16,1
DA:17,1
DA:29,1
LF:4
LH:4
BRF:0
BRH:0
end_of_record
TN:
SF:/Users/zhujohnny/Dropbox/_Engineering/jumpstarter-product-summary-module/db/sampleData.js
FNF:0
FNH:0
DA:1,4
LF:1
LH:1
BRF:0
BRH:0
end_of_record
